C:\Users\User\source\repos\AngularApp\AngularApp\AngularApp\app\user\src\app.component.js
C:\Users\User\source\repos\AngularApp\AngularApp\AngularApp\app\user\src\app.component.js.map
C:\Users\User\source\repos\AngularApp\AngularApp\AngularApp\app\user\src\user.js
C:\Users\User\source\repos\AngularApp\AngularApp\AngularApp\app\user\src\user.js.map
C:\Users\User\source\repos\AngularApp\AngularApp\AngularApp\app\user\src\services\data.service.js
C:\Users\User\source\repos\AngularApp\AngularApp\AngularApp\app\user\src\services\data.service.js.map
C:\Users\User\source\repos\AngularApp\AngularApp\AngularApp\app\user\src\user-list.component.js
C:\Users\User\source\repos\AngularApp\AngularApp\AngularApp\app\user\src\user-list.component.js.map
C:\Users\User\source\repos\AngularApp\AngularApp\AngularApp\app\user\src\user-detail.component.js
C:\Users\User\source\repos\AngularApp\AngularApp\AngularApp\app\user\src\user-detail.component.js.map
C:\Users\User\source\repos\AngularApp\AngularApp\AngularApp\app\user\src\user-create.component.js
C:\Users\User\source\repos\AngularApp\AngularApp\AngularApp\app\user\src\user-create.component.js.map
C:\Users\User\source\repos\AngularApp\AngularApp\AngularApp\app\user\src\user-edit.component.js
C:\Users\User\source\repos\AngularApp\AngularApp\AngularApp\app\user\src\user-edit.component.js.map
C:\Users\User\source\repos\AngularApp\AngularApp\AngularApp\app\user\src\not-found.component.js
C:\Users\User\source\repos\AngularApp\AngularApp\AngularApp\app\user\src\not-found.component.js.map
C:\Users\User\source\repos\AngularApp\AngularApp\AngularApp\app\user\src\user-form.component.js
C:\Users\User\source\repos\AngularApp\AngularApp\AngularApp\app\user\src\user-form.component.js.map
C:\Users\User\source\repos\AngularApp\AngularApp\AngularApp\app\app.module.js
C:\Users\User\source\repos\AngularApp\AngularApp\AngularApp\app\app.module.js.map
C:\Users\User\source\repos\AngularApp\AngularApp\AngularApp\main.js
C:\Users\User\source\repos\AngularApp\AngularApp\AngularApp\main.js.map
C:\Users\User\source\repos\AngularApp\AngularApp\AngularApp\polyfills.js
C:\Users\User\source\repos\AngularApp\AngularApp\AngularApp\polyfills.js.map
